2024-07-16 23:50:59,912 - INFO - FY25 Q1 데이터 추출 및 분석을 시작합니다.
2024-07-16 23:51:00,075 - INFO - 데이터베이스에서 8730개의 레코드를 추출했습니다.
2024-07-16 23:51:00,113 - INFO - 데이터가 CSV 파일로 저장되었습니다: C:\MyMain\Teckwah\download\xlsx_files_complete\FY25_Q1_ReceivingTAT_analysis_full_data.csv
2024-07-16 23:51:00,114 - INFO - 데이터가 CSV 파일로 저장되었습니다: C:\MyMain\Teckwah\download\xlsx_files_complete\FY25_Q1_ReceivingTAT_analysis_weekly_analysis.csv
2024-07-16 23:51:00,115 - INFO - 데이터가 CSV 파일로 저장되었습니다: C:\MyMain\Teckwah\download\xlsx_files_complete\FY25_Q1_ReceivingTAT_analysis_shipto_analysis.csv
2024-07-16 23:51:00,115 - INFO - 모든 데이터 처리 및 저장이 완료되었습니다.
2024-07-16 23:53:34,140 - INFO - 데이터베이스에서 FY25 Q1 데이터를 추출합니다.
2024-07-16 23:53:34,250 - INFO - Connection pool created successfully
2024-07-16 23:53:34,251 - INFO - Connection acquired from pool
2024-07-16 23:53:34,315 - INFO - Connection returned to pool
2024-07-16 23:53:34,318 - INFO - 총 8730개의 데이터가 추출되었습니다.
2024-07-16 23:53:34,321 - ERROR - 예상치 못한 오류 발생: No module named 'xlsxwriter'
Traceback (most recent call last):
  File "c:\MyMain\Teckwah\main\py\export.py", line 64, in main
    save_to_excel(data_to_save, filename)
  File "c:\MyMain\Teckwah\main\py\export.py", line 39, in save_to_excel
    with pd.ExcelWriter(file_path, engine='xlsxwriter') as writer:
         ^^^^^^^^^^^^^^^^^^^^^^^^^^^^^^^^^^^^^^^^^^^^^^
  File "C:\Users\ParkJongHyeok\AppData\Local\Programs\Python\Python312\Lib\site-packages\pandas\io\excel\_xlsxwriter.py", line 197, in __init__
    from xlsxwriter import Workbook
ModuleNotFoundError: No module named 'xlsxwriter'
2024-07-16 23:57:01,353 - INFO - FY25 Q1 데이터 추출 및 분석을 시작합니다.
2024-07-16 23:57:01,389 - DEBUG - Executing query: 
    SELECT * FROM receiving_tat_report
    WHERE FY = :fy AND Quarter = :quarter
    
2024-07-16 23:57:01,389 - DEBUG - Query parameters: fy=FY25, quarter=Q1
2024-07-16 23:57:01,513 - INFO - 데이터베이스에서 8730개의 레코드를 추출했습니다.
2024-07-16 23:57:01,521 - DEBUG - Data sample: 
             ReceiptNo  Replen_Balance_Order Cust_Sys_No Allocated_Part EDI_Order_Type ShipFromCode ShipToCode Country  Quantity         PutAwayDate InventoryDate    FY Quarter Month  Week OrderType  Count_PO
0  CS-DIRKWJ-RC0000291             829124419   829124419          KMWW8      REPLEN-IN       CHSIN4     DIRKWJ      KR         1 2024-02-07 16:55:25    2024-02-07  FY25      Q1    02  WK01        P3         1
1  CS-DIRKWJ-RC0000292             830538904   830538904          5G4WK     BALANCE-IN       DIRTAJ     DIRKWJ      KR         1 2024-02-08 09:21:40    2024-02-08  FY25      Q1    02  WK01        P3         1
2  CS-DIRKWJ-RC0000293             829122967   829122967          0878M      REPLEN-IN       CHSIN4     DIRKWJ      KR         1 2024-02-08 11:54:23    2024-02-08  FY25      Q1    02  WK01        P3         1
3  CS-DIRKWJ-RC0000294             829122983   829122983          24PW1      REPLEN-IN       CHSIN4     DIRKWJ      KR         1 2024-02-08 12:26:19    2024-02-08  FY25      Q1    02  WK01        P3         1
4  CS-DIRKWJ-RC0000295             829653540   829653540          MT0R5      REPLEN-IN       CHSIN4     DIRKWJ      KR         1 2024-02-13 13:21:15    2024-02-13  FY25      Q1    02  WK02        P3         1
2024-07-16 23:57:01,525 - DEBUG - Weekly analysis sample: 
   Week  Count_PO  Quantity
0  WK01       202      1469
1  WK02      1055      2485
2  WK03       561      2749
3  WK04       454      1326
4  WK05       702      2201
2024-07-16 23:57:01,526 - DEBUG - ShipTo analysis sample: 
  ShipToCode  Count_PO  Quantity
0     DIRKWJ        97       131
1     DIRPUS       142       172
2     DIRSEL      8749     24756
3     DIRTAJ       244       326
2024-07-16 23:57:01,559 - INFO - 데이터가 CSV 파일로 저장되었습니다: C:\MyMain\Teckwah\download\xlsx_files_complete\FY25_Q1_ReceivingTAT_analysis_full_data.csv
2024-07-16 23:57:01,560 - INFO - 데이터가 CSV 파일로 저장되었습니다: C:\MyMain\Teckwah\download\xlsx_files_complete\FY25_Q1_ReceivingTAT_analysis_weekly_analysis.csv
2024-07-16 23:57:01,560 - INFO - 데이터가 CSV 파일로 저장되었습니다: C:\MyMain\Teckwah\download\xlsx_files_complete\FY25_Q1_ReceivingTAT_analysis_shipto_analysis.csv
2024-07-16 23:57:01,560 - INFO - 모든 데이터 처리 및 저장이 완료되었습니다.
2024-07-16 23:58:18,374 - INFO - FY25 Q1 데이터 추출 및 분석을 시작합니다.
2024-07-16 23:58:18,406 - DEBUG - Executing query: 
    SELECT * FROM receiving_tat_report
    WHERE FY = :fy AND Quarter = :quarter
    
2024-07-16 23:58:18,406 - DEBUG - Query parameters: fy=FY25, quarter=Q1
2024-07-16 23:58:18,531 - INFO - 데이터베이스에서 8730개의 레코드를 추출했습니다.
2024-07-16 23:58:18,538 - DEBUG - Data sample: 
             ReceiptNo  Replen_Balance_Order Cust_Sys_No Allocated_Part EDI_Order_Type ShipFromCode ShipToCode Country  Quantity         PutAwayDate InventoryDate    FY Quarter Month  Week OrderType  Count_PO
0  CS-DIRKWJ-RC0000291             829124419   829124419          KMWW8      REPLEN-IN       CHSIN4     DIRKWJ      KR         1 2024-02-07 16:55:25    2024-02-07  FY25      Q1    02  WK01        P3         1
1  CS-DIRKWJ-RC0000292             830538904   830538904          5G4WK     BALANCE-IN       DIRTAJ     DIRKWJ      KR         1 2024-02-08 09:21:40    2024-02-08  FY25      Q1    02  WK01        P3         1
2  CS-DIRKWJ-RC0000293             829122967   829122967          0878M      REPLEN-IN       CHSIN4     DIRKWJ      KR         1 2024-02-08 11:54:23    2024-02-08  FY25      Q1    02  WK01        P3         1
3  CS-DIRKWJ-RC0000294             829122983   829122983          24PW1      REPLEN-IN       CHSIN4     DIRKWJ      KR         1 2024-02-08 12:26:19    2024-02-08  FY25      Q1    02  WK01        P3         1
4  CS-DIRKWJ-RC0000295             829653540   829653540          MT0R5      REPLEN-IN       CHSIN4     DIRKWJ      KR         1 2024-02-13 13:21:15    2024-02-13  FY25      Q1    02  WK02        P3         1
2024-07-16 23:58:18,543 - DEBUG - Weekly analysis sample: 
   Week  Count_PO  Quantity
0  WK01       202      1469
1  WK02      1055      2485
2  WK03       561      2749
3  WK04       454      1326
4  WK05       702      2201
2024-07-16 23:58:18,544 - DEBUG - ShipTo analysis sample: 
  ShipToCode  Count_PO  Quantity
0     DIRKWJ        97       131
1     DIRPUS       142       172
2     DIRSEL      8749     24756
3     DIRTAJ       244       326
2024-07-16 23:58:19,550 - INFO - 데이터가 Excel 파일로 저장되었습니다: C:\MyMain\Teckwah\download\xlsx_files_complete\FY25_Q1_ReceivingTAT_analysis.xlsx
2024-07-16 23:58:19,555 - INFO - 모든 데이터 처리 및 저장이 완료되었습니다.
